2025-05-09 11:05:33 INFO  Test6 - Open page
2025-05-09 11:05:37 INFO  Test6 - Go to Step 1
2025-05-09 11:05:39 INFO  Test6 - Go to Step 2
2025-05-09 11:05:45 INFO  Test6 - Go to Step 3
2025-05-09 11:05:55 ERROR TestListener -  Took screen shot for fail: testCase6
2025-05-09 11:06:44 INFO  Test6 - Open page
2025-05-09 11:06:47 INFO  Test6 - Go to Step 1
2025-05-09 11:06:49 INFO  Test6 - Go to Step 2
2025-05-09 11:06:55 INFO  Test6 - Go to Step 3
2025-05-09 11:07:23 INFO  Test6 - Open page
2025-05-09 11:07:27 INFO  Test6 - Go to Step 1
2025-05-09 11:07:29 INFO  Test6 - Go to Step 2
2025-05-09 11:07:35 INFO  Test6 - Go to Step 3
2025-05-09 11:07:42 INFO  Test6 - Go to Step 4
2025-05-09 11:07:42 ERROR TestListener -  Took screen shot for fail: testCase6
2025-05-13 08:52:51 INFO  BasePage - Deleted screenshot: Verify title is Good_20250509_162206.png
2025-05-13 08:52:51 INFO  BasePage - Deleted screenshot: testCase6_20250509_162207.png
2025-05-13 08:52:51 INFO  BasePage - Deleted screenshot: Verify title is Great_20250509_162206.png
2025-05-13 08:52:51 INFO  BasePage - Deleted screenshot: Verify title is Weak_20250509_162205.png
2025-05-13 08:53:03 INFO  BasePage - No screenshot files to delete in: screenshots
2025-05-13 08:53:12 INFO  BasePage - No screenshot files to delete in: screenshots
